0 info it worked if it ends with ok
1 verbose cli [ 'C:\\Program Files\\nodejs\\node.exe',
1 verbose cli   'C:\\Users\\603005\\AppData\\Roaming\\npm\\node_modules\\npm\\bin\\npm-cli.js',
1 verbose cli   'run',
1 verbose cli   'webpack-watch' ]
2 info using npm@4.1.2
3 info using node@v6.10.2
4 verbose run-script [ 'prewebpack-watch', 'webpack-watch', 'postwebpack-watch' ]
5 info lifecycle react-webpack-setup@1.0.0~prewebpack-watch: react-webpack-setup@1.0.0
6 silly lifecycle react-webpack-setup@1.0.0~prewebpack-watch: no script for prewebpack-watch, continuing
7 info lifecycle react-webpack-setup@1.0.0~webpack-watch: react-webpack-setup@1.0.0
8 verbose lifecycle react-webpack-setup@1.0.0~webpack-watch: unsafe-perm in lifecycle true
9 verbose lifecycle react-webpack-setup@1.0.0~webpack-watch: PATH: C:\Users\603005\AppData\Roaming\npm\node_modules\npm\bin\node-gyp-bin;D:\aNGULAReXAMPLES\ReactExamples\react-webpack-setup\node_modules\.bin;C:\Users\603005\AppData\Roaming\npm\node_modules\npm\bin\node-gyp-bin;D:\aNGULAReXAMPLES\ReactExamples\react-webpack-setup\node_modules\.bin;C:\RailsInstaller\Git\cmd;C:\RailsInstaller\Ruby2.3.0\bin;C:\ProgramData\Oracle\Java\javapath;C:\WINDOWS\system32;C:\WINDOWS;C:\WINDOWS\System32\Wbem;C:\WINDOWS\System32\WindowsPowerShell\v1.0\;C:\Program Files\Microsoft SQL Server\120\DTS\Binn\;C:\Program Files\Microsoft SQL Server\Client SDK\ODBC\110\Tools\Binn\;C:\Program Files (x86)\Microsoft SQL Server\120\Tools\Binn\;C:\Program Files\Microsoft SQL Server\120\Tools\Binn\;C:\Program Files (x86)\Microsoft SQL Server\120\Tools\Binn\ManagementStudio\;C:\Program Files (x86)\Microsoft SQL Server\120\DTS\Binn\;C:\Program Files\Microsoft SQL Server\130\Tools\Binn\;C:\Program Files\Cloud Foundry;C:\Program Files (x86)\Inmeta\IFix\;C:\Program Files\dotnet\;C:\Program Files\Microsoft DNX\Dnvm\;C:\Program Files\TortoiseGit\bin;C:\Program Files\nodejs\;C:\Program Files\Git\cmd;C:\JREServer\jre\bin;C:\Program Files\Heroku\bin;C:\Program Files\Docker Toolbox;C:\Users\603005\AppData\Roaming\npm
10 verbose lifecycle react-webpack-setup@1.0.0~webpack-watch: CWD: D:\aNGULAReXAMPLES\ReactExamples\react-webpack-setup
11 silly lifecycle react-webpack-setup@1.0.0~webpack-watch: Args: [ '/d /s /c', 'webpack -w' ]
12 silly lifecycle react-webpack-setup@1.0.0~webpack-watch: Returned: code: 3221225786  signal: null
13 info lifecycle react-webpack-setup@1.0.0~webpack-watch: Failed to exec webpack-watch script
14 verbose stack Error: react-webpack-setup@1.0.0 webpack-watch: `webpack -w`
14 verbose stack Exit status 3221225786
14 verbose stack     at EventEmitter.<anonymous> (C:\Users\603005\AppData\Roaming\npm\node_modules\npm\lib\utils\lifecycle.js:279:16)
14 verbose stack     at emitTwo (events.js:106:13)
14 verbose stack     at EventEmitter.emit (events.js:191:7)
14 verbose stack     at ChildProcess.<anonymous> (C:\Users\603005\AppData\Roaming\npm\node_modules\npm\lib\utils\spawn.js:40:14)
14 verbose stack     at emitTwo (events.js:106:13)
14 verbose stack     at ChildProcess.emit (events.js:191:7)
14 verbose stack     at maybeClose (internal/child_process.js:886:16)
14 verbose stack     at Process.ChildProcess._handle.onexit (internal/child_process.js:226:5)
15 verbose pkgid react-webpack-setup@1.0.0
16 verbose cwd D:\aNGULAReXAMPLES\ReactExamples\react-webpack-setup
17 error Windows_NT 6.1.7601
18 error argv "C:\\Program Files\\nodejs\\node.exe" "C:\\Users\\603005\\AppData\\Roaming\\npm\\node_modules\\npm\\bin\\npm-cli.js" "run" "webpack-watch"
19 error node v6.10.2
20 error npm  v4.1.2
21 error code ELIFECYCLE
22 error react-webpack-setup@1.0.0 webpack-watch: `webpack -w`
22 error Exit status 3221225786
23 error Failed at the react-webpack-setup@1.0.0 webpack-watch script 'webpack -w'.
23 error Make sure you have the latest version of node.js and npm installed.
23 error If you do, this is most likely a problem with the react-webpack-setup package,
23 error not with npm itself.
23 error Tell the author that this fails on your system:
23 error     webpack -w
23 error You can get information on how to open an issue for this project with:
23 error     npm bugs react-webpack-setup
23 error Or if that isn't available, you can get their info via:
23 error     npm owner ls react-webpack-setup
23 error There is likely additional logging output above.
24 verbose exit [ 1, true ]
